<?xml version="1.0" encoding="UTF-8"?>
<testsuite xmlns:xsi="http://www.w3.org/2001/XMLSchema-instance" xsi:noNamespaceSchemaLocation="https://maven.apache.org/surefire/maven-surefire-plugin/xsd/surefire-test-report-3.0.xsd" version="3.0" name="gr.aueb.team1.domain.TransactionTest" time="0.004" tests="4" errors="0" skipped="0" failures="0">
  <properties>
[...]
</properties>
  <testcase name="testGetters" classname="gr.aueb.team1.domain.TransactionTest" time="0.001"/>
  <testcase name="toStringTest" classname="gr.aueb.team1.domain.TransactionTest" time="0.001"/>
  <testcase name="removeTest" classname="gr.aueb.team1.domain.TransactionTest" time="0.001"/>
  <testcase name="testSetters" classname="gr.aueb.team1.domain.TransactionTest" time="0"/>
</testsuite>